<?xml version="1.0" encoding="UTF-8"?>
<!-- Generated by org.testng.reporters.JUnitReportReporter -->
<testsuite hostname="MacBook-Pro.local" failures="0" tests="1" name="example.APITest" time="1.694" errors="0" timestamp="2024-10-02T13:34:23 GMT+03:00" skipped="0">
  <testcase classname="example.APITest" name="apiTest" time="1.694"/>
</testsuite> <!-- example.APITest -->
